<?xml version="1.0"?>
<!DOCTYPE coverage SYSTEM "http://cobertura.sourceforge.net/xml/coverage-04.dtd">
<coverage 
line-rate="0.50" lines-valid="2155" lines-covered="1070" branches-valid="95" branches-covered="54" branch-rate="0.57" complexity="0" version="1.0" timestamp="1600836182362">
    <sources>
        <source>--source</source>
        <source>C:/Users/SHODAN/Desktop/riskala/PPS-19-riskala</source>
    </sources>
    <packages>
        <package name="org.riskala.client.creation" line-rate="0.00" branch-rate="0.00" complexity="0">
            <classes>
                <class 
                name="org.riskala.client.creation.ClientCreateRoom" filename="src/main/scala/org/riskala/client/creation/ClientCreateRoom.scala" line-rate="0.00" branch-rate="0.00" complexity="0">
                    <methods>
                        <method 
                        name="org.riskala.client.creation/ClientCreateRoom/handleCreateMessage" signature="()V" line-rate="0.00" branch-rate="0.00" complexity="0">
                            <lines>
                                <line number="40" hits="0" branch="false"/>
                                <line number="39" hits="0" branch="false"/>
                                <line number="32" hits="0" branch="false"/>
                                <line number="37" hits="0" branch="false"/>
                                <line number="32" hits="0" branch="false"/>
                                <line number="43" hits="0" branch="false"/>
                                <line number="35" hits="0" branch="false"/>
                                <line number="41" hits="0" branch="false"/>
                                <line number="35" hits="0" branch="false"/>
                                <line number="40" hits="0" branch="false"/>
                                <line number="33" hits="0" branch="false"/>
                                <line number="40" hits="0" branch="false"/>
                                <line number="37" hits="0" branch="false"/>
                                <line number="43" hits="0" branch="false"/>
                                <line number="30" hits="0" branch="false"/>
                                <line number="41" hits="0" branch="false"/>
                                <line number="30" hits="0" branch="false"/>
                                <line number="31" hits="0" branch="false"/>
                            </lines>
</method>
                        <method 
                        name="org.riskala.client.creation/ClientCreateRoom/getCreateMsgWrapped" signature="()V" line-rate="0.00" branch-rate="0.00" complexity="0">
                            <lines>
                                <line number="22" hits="0" branch="false"/>
                                <line number="22" hits="0" branch="false"/>
                                <line number="22" hits="0" branch="false"/>
                                <line number="22" hits="0" branch="false"/>
                                <line number="22" hits="0" branch="false"/>
                                <line number="22" hits="0" branch="false"/>
                                <line number="22" hits="0" branch="false"/>
                                <line number="22" hits="0" branch="false"/>
                                <line number="22" hits="0" branch="false"/>
                            </lines>
</method>
                    </methods>
                    <lines>
                        <line number="40" hits="0" branch="false"/>
                        <line number="39" hits="0" branch="false"/>
                        <line number="32" hits="0" branch="false"/>
                        <line number="37" hits="0" branch="false"/>
                        <line number="32" hits="0" branch="false"/>
                        <line number="43" hits="0" branch="false"/>
                        <line number="35" hits="0" branch="false"/>
                        <line number="22" hits="0" branch="false"/>
                        <line number="22" hits="0" branch="false"/>
                        <line number="22" hits="0" branch="false"/>
                        <line number="41" hits="0" branch="false"/>
                        <line number="35" hits="0" branch="false"/>
                        <line number="22" hits="0" branch="false"/>
                        <line number="40" hits="0" branch="false"/>
                        <line number="33" hits="0" branch="false"/>
                        <line number="22" hits="0" branch="false"/>
                        <line number="40" hits="0" branch="false"/>
                        <line number="37" hits="0" branch="false"/>
                        <line number="22" hits="0" branch="false"/>
                        <line number="22" hits="0" branch="false"/>
                        <line number="22" hits="0" branch="false"/>
                        <line number="43" hits="0" branch="false"/>
                        <line number="30" hits="0" branch="false"/>
                        <line number="41" hits="0" branch="false"/>
                        <line number="30" hits="0" branch="false"/>
                        <line number="22" hits="0" branch="false"/>
                        <line number="31" hits="0" branch="false"/>
                    </lines>
</class>
                <class 
                name="org.riskala.client.creation.CreateRoomFacade" filename="src/main/scala/org/riskala/client/creation/CreateRoomFacade.scala" line-rate="0.00" branch-rate="0.00" complexity="0">
                    <methods>
                        <method 
                        name="org.riskala.client.creation/CreateRoomFacade/updateLobby" signature="()V" line-rate="0.00" branch-rate="0.00" complexity="0">
                            <lines>
                                <line number="14" hits="0" branch="false"/>
                            </lines>
</method>
                        <method 
                        name="org.riskala.client.creation/CreateRoomFacade/goToRoom" signature="()V" line-rate="0.00" branch-rate="0.00" complexity="0">
                            <lines>
                                <line number="13" hits="0" branch="false"/>
                            </lines>
</method>
                        <method 
                        name="org.riskala.client.creation/CreateRoomFacade/notifyCreateError" signature="()V" line-rate="0.00" branch-rate="0.00" complexity="0">
                            <lines>
                                <line number="12" hits="0" branch="false"/>
                            </lines>
</method>
                    </methods>
                    <lines>
                        <line number="12" hits="0" branch="false"/>
                        <line number="13" hits="0" branch="false"/>
                        <line number="14" hits="0" branch="false"/>
                    </lines>
</class>
            </classes>
        </package>
        <package name="org.riskala.client.game" line-rate="0.00" branch-rate="0.00" complexity="0">
            <classes>
                <class 
                name="org.riskala.client.game.GameFacade" filename="src/main/scala/org/riskala/client/game/GameFacade.scala" line-rate="0.00" branch-rate="0.00" complexity="0">
                    <methods>
                        <method 
                        name="org.riskala.client.game/GameFacade/setStateInfo" signature="()V" line-rate="0.00" branch-rate="0.00" complexity="0">
                            <lines>
                                <line number="26" hits="0" branch="false"/>
                            </lines>
</method>
                        <method 
                        name="org.riskala.client.game/GameFacade/addPlayer" signature="()V" line-rate="0.00" branch-rate="0.00" complexity="0">
                            <lines>
                                <line number="19" hits="0" branch="false"/>
                            </lines>
</method>
                        <method 
                        name="org.riskala.client.game/GameFacade/setCardInfo" signature="()V" line-rate="0.00" branch-rate="0.00" complexity="0">
                            <lines>
                                <line number="23" hits="0" branch="false"/>
                            </lines>
</method>
                        <method 
                        name="org.riskala.client.game/GameFacade/setPlayerState" signature="()V" line-rate="0.00" branch-rate="0.00" complexity="0">
                            <lines>
                                <line number="20" hits="0" branch="false"/>
                            </lines>
</method>
                        <method 
                        name="org.riskala.client.game/GameFacade/setObjective" signature="()V" line-rate="0.00" branch-rate="0.00" complexity="0">
                            <lines>
                                <line number="22" hits="0" branch="false"/>
                            </lines>
</method>
                        <method 
                        name="org.riskala.client.game/GameFacade/setWinner" signature="()V" line-rate="0.00" branch-rate="0.00" complexity="0">
                            <lines>
                                <line number="28" hits="0" branch="false"/>
                            </lines>
</method>
                        <method 
                        name="org.riskala.client.game/GameFacade/notifyGameError" signature="()V" line-rate="0.00" branch-rate="0.00" complexity="0">
                            <lines>
                                <line number="24" hits="0" branch="false"/>
                            </lines>
</method>
                        <method 
                        name="org.riskala.client.game/GameFacade/addNeighbor" signature="()V" line-rate="0.00" branch-rate="0.00" complexity="0">
                            <lines>
                                <line number="25" hits="0" branch="false"/>
                            </lines>
</method>
                        <method 
                        name="org.riskala.client.game/GameFacade/&lt;none&gt;" signature="()V" line-rate="0.00" branch-rate="0.00" complexity="0">
                            <lines>
                                <line number="12" hits="0" branch="false"/>
                                <line number="14" hits="0" branch="false"/>
                                <line number="13" hits="0" branch="false"/>
                                <line number="15" hits="0" branch="false"/>
                                <line number="16" hits="0" branch="false"/>
                                <line number="17" hits="0" branch="false"/>
                            </lines>
</method>
                        <method 
                        name="org.riskala.client.game/GameFacade/setCurrentPlayer" signature="()V" line-rate="0.00" branch-rate="0.00" complexity="0">
                            <lines>
                                <line number="27" hits="0" branch="false"/>
                            </lines>
</method>
                        <method 
                        name="org.riskala.client.game/GameFacade/setStateRegion" signature="()V" line-rate="0.00" branch-rate="0.00" complexity="0">
                            <lines>
                                <line number="21" hits="0" branch="false"/>
                            </lines>
</method>
                        <method 
                        name="org.riskala.client.game/GameFacade/goToLobby" signature="()V" line-rate="0.00" branch-rate="0.00" complexity="0">
                            <lines>
                                <line number="29" hits="0" branch="false"/>
                            </lines>
</method>
                    </methods>
                    <lines>
                        <line number="29" hits="0" branch="false"/>
                        <line number="23" hits="0" branch="false"/>
                        <line number="20" hits="0" branch="false"/>
                        <line number="12" hits="0" branch="false"/>
                        <line number="21" hits="0" branch="false"/>
                        <line number="26" hits="0" branch="false"/>
                        <line number="27" hits="0" branch="false"/>
                        <line number="19" hits="0" branch="false"/>
                        <line number="14" hits="0" branch="false"/>
                        <line number="28" hits="0" branch="false"/>
                        <line number="24" hits="0" branch="false"/>
                        <line number="25" hits="0" branch="false"/>
                        <line number="13" hits="0" branch="false"/>
                        <line number="22" hits="0" branch="false"/>
                        <line number="15" hits="0" branch="false"/>
                        <line number="16" hits="0" branch="false"/>
                        <line number="17" hits="0" branch="false"/>
                    </lines>
</class>
                <class 
                name="org.riskala.client.game.ClientGame" filename="src/main/scala/org/riskala/client/game/ClientGame.scala" line-rate="0.00" branch-rate="0.00" complexity="0">
                    <methods>
                        <method 
                        name="org.riskala.client.game/ClientGame/getEmptyMsgWrapped" signature="()V" line-rate="0.00" branch-rate="0.00" complexity="0">
                            <lines>
                                <line number="31" hits="0" branch="false"/>
                                <line number="31" hits="0" branch="false"/>
                                <line number="31" hits="0" branch="false"/>
                                <line number="31" hits="0" branch="false"/>
                            </lines>
</method>
                        <method 
                        name="org.riskala.client.game/ClientGame/neighborClick" signature="()V" line-rate="0.00" branch-rate="0.00" complexity="0">
                            <lines>
                                <line number="76" hits="0" branch="false"/>
                                <line number="76" hits="0" branch="false"/>
                                <line number="76" hits="0" branch="false"/>
                                <line number="72" hits="0" branch="false"/>
                                <line number="70" hits="0" branch="false"/>
                                <line number="75" hits="0" branch="false"/>
                                <line number="70" hits="0" branch="false"/>
                                <line number="76" hits="0" branch="false"/>
                                <line number="77" hits="0" branch="false"/>
                                <line number="76" hits="0" branch="false"/>
                                <line number="77" hits="0" branch="false"/>
                                <line number="76" hits="0" branch="false"/>
                                <line number="72" hits="0" branch="false"/>
                                <line number="74" hits="0" branch="false"/>
                                <line number="71" hits="0" branch="false"/>
                                <line number="75" hits="0" branch="false"/>
                            </lines>
</method>
                        <method 
                        name="org.riskala.client.game/ClientGame/getRedeemBonusMsgWrapped" signature="()V" line-rate="0.00" branch-rate="0.00" complexity="0">
                            <lines>
                                <line number="57" hits="0" branch="false"/>
                                <line number="57" hits="0" branch="false"/>
                                <line number="57" hits="0" branch="false"/>
                                <line number="57" hits="0" branch="false"/>
                                <line number="57" hits="0" branch="false"/>
                                <line number="56" hits="0" branch="false"/>
                                <line number="57" hits="0" branch="false"/>
                                <line number="57" hits="0" branch="false"/>
                                <line number="57" hits="0" branch="false"/>
                                <line number="57" hits="0" branch="false"/>
                            </lines>
</method>
                        <method 
                        name="org.riskala.client.game/ClientGame/myStateInfo" signature="()V" line-rate="0.00" branch-rate="0.00" complexity="0">
                            <lines>
                                <line number="112" hits="0" branch="false"/>
                                <line number="86" hits="0" branch="false"/>
                                <line number="93" hits="0" branch="false"/>
                                <line number="106" hits="0" branch="false"/>
                                <line number="104" hits="0" branch="false"/>
                                <line number="84" hits="0" branch="false"/>
                                <line number="111" hits="0" branch="false"/>
                                <line number="110" hits="0" branch="false"/>
                                <line number="114" hits="0" branch="false"/>
                                <line number="106" hits="0" branch="false"/>
                                <line number="107" hits="0" branch="false"/>
                                <line number="103" hits="0" branch="false"/>
                                <line number="88" hits="0" branch="false"/>
                                <line number="87" hits="0" branch="false"/>
                                <line number="98" hits="0" branch="false"/>
                                <line number="108" hits="0" branch="false"/>
                                <line number="93" hits="0" branch="false"/>
                                <line number="109" hits="0" branch="false"/>
                                <line number="95" hits="0" branch="false"/>
                                <line number="84" hits="0" branch="false"/>
                                <line number="94" hits="0" branch="false"/>
                                <line number="113" hits="0" branch="false"/>
                                <line number="96" hits="0" branch="false"/>
                                <line number="112" hits="0" branch="false"/>
                                <line number="114" hits="0" branch="false"/>
                                <line number="111" hits="0" branch="false"/>
                                <line number="118" hits="0" branch="false"/>
                                <line number="104" hits="0" branch="false"/>
                                <line number="92" hits="0" branch="false"/>
                                <line number="89" hits="0" branch="false"/>
                                <line number="85" hits="0" branch="false"/>
                                <line number="92" hits="0" branch="false"/>
                                <line number="105" hits="0" branch="false"/>
                                <line number="96" hits="0" branch="false"/>
                                <line number="101" hits="0" branch="false"/>
                                <line number="114" hits="0" branch="false"/>
                                <line number="96" hits="0" branch="false"/>
                                <line number="101" hits="0" branch="false"/>
                                <line number="88" hits="0" branch="false"/>
                                <line number="90" hits="0" branch="false"/>
                                <line number="92" hits="0" branch="false"/>
                                <line number="94" hits="0" branch="false"/>
                                <line number="105" hits="0" branch="false"/>
                                <line number="91" hits="0" branch="false"/>
                                <line number="103" hits="0" branch="false"/>
                                <line number="89" hits="0" branch="false"/>
                                <line number="93" hits="0" branch="false"/>
                                <line number="118" hits="0" branch="false"/>
                                <line number="108" hits="0" branch="false"/>
                                <line number="106" hits="0" branch="false"/>
                                <line number="102" hits="0" branch="false"/>
                                <line number="101" hits="0" branch="false"/>
                                <line number="102" hits="0" branch="false"/>
                                <line number="96" hits="0" branch="false"/>
                                <line number="102" hits="0" branch="false"/>
                                <line number="98" hits="0" branch="false"/>
                                <line number="109" hits="0" branch="false"/>
                                <line number="106" hits="0" branch="false"/>
                                <line number="95" hits="0" branch="false"/>
                            </lines>
</method>
                        <method 
                        name="org.riskala.client.game/ClientGame/setupGame" signature="()V" line-rate="0.00" branch-rate="0.00" complexity="0">
                            <lines>
                                <line number="147" hits="0" branch="false"/>
                                <line number="144" hits="0" branch="false"/>
                                <line number="141" hits="0" branch="false"/>
                                <line number="147" hits="0" branch="false"/>
                                <line number="146" hits="0" branch="false"/>
                                <line number="144" hits="0" branch="false"/>
                                <line number="140" hits="0" branch="false"/>
                                <line number="139" hits="0" branch="false"/>
                                <line number="140" hits="0" branch="false"/>
                                <line number="150" hits="0" branch="false"/>
                                <line number="141" hits="0" branch="false"/>
                                <line number="142" hits="0" branch="false"/>
                                <line number="146" hits="0" branch="false"/>
                                <line number="149" hits="0" branch="false"/>
                                <line number="150" hits="0" branch="false"/>
                                <line number="153" hits="0" branch="false"/>
                                <line number="146" hits="0" branch="false"/>
                                <line number="145" hits="0" branch="false"/>
                                <line number="153" hits="0" branch="false"/>
                                <line number="149" hits="0" branch="false"/>
                                <line number="145" hits="0" branch="false"/>
                                <line number="146" hits="0" branch="false"/>
                                <line number="147" hits="0" branch="false"/>
                                <line number="148" hits="0" branch="false"/>
                                <line number="148" hits="0" branch="false"/>
                                <line number="143" hits="0" branch="false"/>
                                <line number="152" hits="0" branch="false"/>
                                <line number="147" hits="0" branch="false"/>
                                <line number="152" hits="0" branch="false"/>
                                <line number="139" hits="0" branch="false"/>
                                <line number="143" hits="0" branch="false"/>
                                <line number="149" hits="0" branch="false"/>
                                <line number="152" hits="0" branch="false"/>
                                <line number="145" hits="0" branch="false"/>
                                <line number="150" hits="0" branch="false"/>
                                <line number="146" hits="0" branch="false"/>
                                <line number="151" hits="0" branch="false"/>
                                <line number="151" hits="0" branch="false"/>
                                <line number="151" hits="0" branch="false"/>
                                <line number="150" hits="0" branch="false"/>
                                <line number="153" hits="0" branch="false"/>
                                <line number="142" hits="0" branch="false"/>
                            </lines>
</method>
                        <method 
                        name="org.riskala.client.game/ClientGame/handleGameMessage" signature="()V" line-rate="0.00" branch-rate="0.00" complexity="0">
                            <lines>
                                <line number="170" hits="0" branch="false"/>
                                <line number="164" hits="0" branch="false"/>
                                <line number="186" hits="0" branch="false"/>
                                <line number="161" hits="0" branch="false"/>
                                <line number="175" hits="0" branch="false"/>
                                <line number="182" hits="0" branch="false"/>
                                <line number="183" hits="0" branch="false"/>
                                <line number="186" hits="0" branch="false"/>
                                <line number="182" hits="0" branch="false"/>
                                <line number="194" hits="0" branch="false"/>
                                <line number="179" hits="0" branch="false"/>
                                <line number="190" hits="0" branch="false"/>
                                <line number="175" hits="0" branch="false"/>
                                <line number="186" hits="0" branch="false"/>
                                <line number="191" hits="0" branch="false"/>
                                <line number="194" hits="0" branch="false"/>
                                <line number="184" hits="0" branch="false"/>
                                <line number="180" hits="0" branch="false"/>
                                <line number="184" hits="0" branch="false"/>
                                <line number="178" hits="0" branch="false"/>
                                <line number="181" hits="0" branch="false"/>
                                <line number="175" hits="0" branch="false"/>
                                <line number="181" hits="0" branch="false"/>
                                <line number="162" hits="0" branch="false"/>
                                <line number="176" hits="0" branch="false"/>
                                <line number="172" hits="0" branch="false"/>
                                <line number="166" hits="0" branch="false"/>
                                <line number="166" hits="0" branch="false"/>
                                <line number="182" hits="0" branch="false"/>
                                <line number="190" hits="0" branch="false"/>
                                <line number="179" hits="0" branch="false"/>
                                <line number="185" hits="0" branch="false"/>
                                <line number="186" hits="0" branch="false"/>
                                <line number="180" hits="0" branch="false"/>
                                <line number="191" hits="0" branch="false"/>
                                <line number="167" hits="0" branch="false"/>
                                <line number="177" hits="0" branch="false"/>
                                <line number="182" hits="0" branch="false"/>
                                <line number="172" hits="0" branch="false"/>
                                <line number="175" hits="0" branch="false"/>
                                <line number="174" hits="0" branch="false"/>
                                <line number="181" hits="0" branch="false"/>
                                <line number="178" hits="0" branch="false"/>
                                <line number="174" hits="0" branch="false"/>
                                <line number="185" hits="0" branch="false"/>
                                <line number="173" hits="0" branch="false"/>
                                <line number="167" hits="0" branch="false"/>
                                <line number="183" hits="0" branch="false"/>
                                <line number="172" hits="0" branch="false"/>
                                <line number="190" hits="0" branch="false"/>
                                <line number="166" hits="0" branch="false"/>
                                <line number="177" hits="0" branch="false"/>
                                <line number="185" hits="0" branch="false"/>
                                <line number="183" hits="0" branch="false"/>
                                <line number="175" hits="0" branch="false"/>
                                <line number="176" hits="0" branch="false"/>
                                <line number="184" hits="0" branch="false"/>
                            </lines>
</method>
                        <method 
                        name="org.riskala.client.game/ClientGame/&lt;none&gt;" signature="()V" line-rate="0.00" branch-rate="0.00" complexity="0">
                            <lines>
                                <line number="23" hits="0" branch="false"/>
                                <line number="22" hits="0" branch="false"/>
                                <line number="24" hits="0" branch="false"/>
                            </lines>
</method>
                        <method 
                        name="org.riskala.client.game/ClientGame/clickedState" signature="()V" line-rate="0.00" branch-rate="0.00" complexity="0">
                            <lines>
                                <line number="130" hits="0" branch="false"/>
                                <line number="131" hits="0" branch="false"/>
                                <line number="131" hits="0" branch="false"/>
                                <line number="131" hits="0" branch="false"/>
                                <line number="131" hits="0" branch="false"/>
                            </lines>
</method>
                        <method 
                        name="org.riskala.client.game/ClientGame/getActionMsgWrapped" signature="()V" line-rate="0.00" branch-rate="0.00" complexity="0">
                            <lines>
                                <line number="43" hits="0" branch="false"/>
                                <line number="48" hits="0" branch="false"/>
                                <line number="48" hits="0" branch="false"/>
                                <line number="43" hits="0" branch="false"/>
                                <line number="48" hits="0" branch="false"/>
                                <line number="48" hits="0" branch="false"/>
                            </lines>
</method>
                    </methods>
                    <lines>
                        <line number="170" hits="0" branch="false"/>
                        <line number="164" hits="0" branch="false"/>
                        <line number="186" hits="0" branch="false"/>
                        <line number="112" hits="0" branch="false"/>
                        <line number="161" hits="0" branch="false"/>
                        <line number="130" hits="0" branch="false"/>
                        <line number="175" hits="0" branch="false"/>
                        <line number="31" hits="0" branch="false"/>
                        <line number="86" hits="0" branch="false"/>
                        <line number="57" hits="0" branch="false"/>
                        <line number="93" hits="0" branch="false"/>
                        <line number="106" hits="0" branch="false"/>
                        <line number="182" hits="0" branch="false"/>
                        <line number="147" hits="0" branch="false"/>
                        <line number="57" hits="0" branch="false"/>
                        <line number="183" hits="0" branch="false"/>
                        <line number="76" hits="0" branch="false"/>
                        <line number="104" hits="0" branch="false"/>
                        <line number="144" hits="0" branch="false"/>
                        <line number="84" hits="0" branch="false"/>
                        <line number="131" hits="0" branch="false"/>
                        <line number="111" hits="0" branch="false"/>
                        <line number="186" hits="0" branch="false"/>
                        <line number="110" hits="0" branch="false"/>
                        <line number="114" hits="0" branch="false"/>
                        <line number="131" hits="0" branch="false"/>
                        <line number="106" hits="0" branch="false"/>
                        <line number="182" hits="0" branch="false"/>
                        <line number="194" hits="0" branch="false"/>
                        <line number="141" hits="0" branch="false"/>
                        <line number="107" hits="0" branch="false"/>
                        <line number="147" hits="0" branch="false"/>
                        <line number="146" hits="0" branch="false"/>
                        <line number="103" hits="0" branch="false"/>
                        <line number="179" hits="0" branch="false"/>
                        <line number="88" hits="0" branch="false"/>
                        <line number="76" hits="0" branch="false"/>
                        <line number="87" hits="0" branch="false"/>
                        <line number="98" hits="0" branch="false"/>
                        <line number="190" hits="0" branch="false"/>
                        <line number="175" hits="0" branch="false"/>
                        <line number="31" hits="0" branch="false"/>
                        <line number="108" hits="0" branch="false"/>
                        <line number="93" hits="0" branch="false"/>
                        <line number="186" hits="0" branch="false"/>
                        <line number="109" hits="0" branch="false"/>
                        <line number="144" hits="0" branch="false"/>
                        <line number="191" hits="0" branch="false"/>
                        <line number="140" hits="0" branch="false"/>
                        <line number="194" hits="0" branch="false"/>
                        <line number="23" hits="0" branch="false"/>
                        <line number="139" hits="0" branch="false"/>
                        <line number="184" hits="0" branch="false"/>
                        <line number="95" hits="0" branch="false"/>
                        <line number="140" hits="0" branch="false"/>
                        <line number="180" hits="0" branch="false"/>
                        <line number="184" hits="0" branch="false"/>
                        <line number="178" hits="0" branch="false"/>
                        <line number="181" hits="0" branch="false"/>
                        <line number="57" hits="0" branch="false"/>
                        <line number="150" hits="0" branch="false"/>
                        <line number="141" hits="0" branch="false"/>
                        <line number="57" hits="0" branch="false"/>
                        <line number="142" hits="0" branch="false"/>
                        <line number="84" hits="0" branch="false"/>
                        <line number="94" hits="0" branch="false"/>
                        <line number="175" hits="0" branch="false"/>
                        <line number="113" hits="0" branch="false"/>
                        <line number="96" hits="0" branch="false"/>
                        <line number="146" hits="0" branch="false"/>
                        <line number="112" hits="0" branch="false"/>
                        <line number="43" hits="0" branch="false"/>
                        <line number="181" hits="0" branch="false"/>
                        <line number="76" hits="0" branch="false"/>
                        <line number="162" hits="0" branch="false"/>
                        <line number="72" hits="0" branch="false"/>
                        <line number="149" hits="0" branch="false"/>
                        <line number="114" hits="0" branch="false"/>
                        <line number="57" hits="0" branch="false"/>
                        <line number="176" hits="0" branch="false"/>
                        <line number="111" hits="0" branch="false"/>
                        <line number="118" hits="0" branch="false"/>
                        <line number="172" hits="0" branch="false"/>
                        <line number="150" hits="0" branch="false"/>
                        <line number="166" hits="0" branch="false"/>
                        <line number="104" hits="0" branch="false"/>
                        <line number="22" hits="0" branch="false"/>
                        <line number="166" hits="0" branch="false"/>
                        <line number="92" hits="0" branch="false"/>
                        <line number="89" hits="0" branch="false"/>
                        <line number="153" hits="0" branch="false"/>
                        <line number="85" hits="0" branch="false"/>
                        <line number="146" hits="0" branch="false"/>
                        <line number="145" hits="0" branch="false"/>
                        <line number="182" hits="0" branch="false"/>
                        <line number="92" hits="0" branch="false"/>
                        <line number="48" hits="0" branch="false"/>
                        <line number="190" hits="0" branch="false"/>
                        <line number="105" hits="0" branch="false"/>
                        <line number="179" hits="0" branch="false"/>
                        <line number="185" hits="0" branch="false"/>
                        <line number="153" hits="0" branch="false"/>
                        <line number="149" hits="0" branch="false"/>
                        <line number="48" hits="0" branch="false"/>
                        <line number="186" hits="0" branch="false"/>
                        <line number="96" hits="0" branch="false"/>
                        <line number="101" hits="0" branch="false"/>
                        <line number="70" hits="0" branch="false"/>
                        <line number="145" hits="0" branch="false"/>
                        <line number="180" hits="0" branch="false"/>
                        <line number="191" hits="0" branch="false"/>
                        <line number="114" hits="0" branch="false"/>
                        <line number="131" hits="0" branch="false"/>
                        <line number="167" hits="0" branch="false"/>
                        <line number="96" hits="0" branch="false"/>
                        <line number="177" hits="0" branch="false"/>
                        <line number="75" hits="0" branch="false"/>
                        <line number="43" hits="0" branch="false"/>
                        <line number="70" hits="0" branch="false"/>
                        <line number="182" hits="0" branch="false"/>
                        <line number="101" hits="0" branch="false"/>
                        <line number="88" hits="0" branch="false"/>
                        <line number="76" hits="0" branch="false"/>
                        <line number="172" hits="0" branch="false"/>
                        <line number="175" hits="0" branch="false"/>
                        <line number="174" hits="0" branch="false"/>
                        <line number="77" hits="0" branch="false"/>
                        <line number="181" hits="0" branch="false"/>
                        <line number="31" hits="0" branch="false"/>
                        <line number="90" hits="0" branch="false"/>
                        <line number="146" hits="0" branch="false"/>
                        <line number="92" hits="0" branch="false"/>
                        <line number="178" hits="0" branch="false"/>
                        <line number="174" hits="0" branch="false"/>
                        <line number="76" hits="0" branch="false"/>
                        <line number="56" hits="0" branch="false"/>
                        <line number="77" hits="0" branch="false"/>
                        <line number="147" hits="0" branch="false"/>
                        <line number="185" hits="0" branch="false"/>
                        <line number="94" hits="0" branch="false"/>
                        <line number="105" hits="0" branch="false"/>
                        <line number="148" hits="0" branch="false"/>
                        <line number="148" hits="0" branch="false"/>
                        <line number="143" hits="0" branch="false"/>
                        <line number="91" hits="0" branch="false"/>
                        <line number="57" hits="0" branch="false"/>
                        <line number="76" hits="0" branch="false"/>
                        <line number="72" hits="0" branch="false"/>
                        <line number="103" hits="0" branch="false"/>
                        <line number="89" hits="0" branch="false"/>
                        <line number="93" hits="0" branch="false"/>
                        <line number="48" hits="0" branch="false"/>
                        <line number="152" hits="0" branch="false"/>
                        <line number="118" hits="0" branch="false"/>
                        <line number="31" hits="0" branch="false"/>
                        <line number="147" hits="0" branch="false"/>
                        <line number="74" hits="0" branch="false"/>
                        <line number="173" hits="0" branch="false"/>
                        <line number="167" hits="0" branch="false"/>
                        <line number="108" hits="0" branch="false"/>
                        <line number="183" hits="0" branch="false"/>
                        <line number="172" hits="0" branch="false"/>
                        <line number="106" hits="0" branch="false"/>
                        <line number="57" hits="0" branch="false"/>
                        <line number="102" hits="0" branch="false"/>
                        <line number="152" hits="0" branch="false"/>
                        <line number="139" hits="0" branch="false"/>
                        <line number="71" hits="0" branch="false"/>
                        <line number="143" hits="0" branch="false"/>
                        <line number="190" hits="0" branch="false"/>
                        <line number="101" hits="0" branch="false"/>
                        <line number="149" hits="0" branch="false"/>
                        <line number="152" hits="0" branch="false"/>
                        <line number="145" hits="0" branch="false"/>
                        <line number="166" hits="0" branch="false"/>
                        <line number="102" hits="0" branch="false"/>
                        <line number="150" hits="0" branch="false"/>
                        <line number="96" hits="0" branch="false"/>
                        <line number="131" hits="0" branch="false"/>
                        <line number="177" hits="0" branch="false"/>
                        <line number="146" hits="0" branch="false"/>
                        <line number="102" hits="0" branch="false"/>
                        <line number="151" hits="0" branch="false"/>
                        <line number="75" hits="0" branch="false"/>
                        <line number="151" hits="0" branch="false"/>
                        <line number="151" hits="0" branch="false"/>
                        <line number="24" hits="0" branch="false"/>
                        <line number="150" hits="0" branch="false"/>
                        <line number="185" hits="0" branch="false"/>
                        <line number="98" hits="0" branch="false"/>
                        <line number="183" hits="0" branch="false"/>
                        <line number="175" hits="0" branch="false"/>
                        <line number="153" hits="0" branch="false"/>
                        <line number="57" hits="0" branch="false"/>
                        <line number="176" hits="0" branch="false"/>
                        <line number="184" hits="0" branch="false"/>
                        <line number="48" hits="0" branch="false"/>
                        <line number="109" hits="0" branch="false"/>
                        <line number="142" hits="0" branch="false"/>
                        <line number="57" hits="0" branch="false"/>
                        <line number="106" hits="0" branch="false"/>
                        <line number="95" hits="0" branch="false"/>
                    </lines>
</class>
            </classes>
        </package>
        <package name="org.riskala.client.lobby" line-rate="0.00" branch-rate="0.00" complexity="0">
            <classes>
                <class 
                name="org.riskala.client.lobby.LobbyFacade" filename="src/main/scala/org/riskala/client/lobby/LobbyFacade.scala" line-rate="0.00" branch-rate="0.00" complexity="0">
                    <methods>
                        <method 
                        name="org.riskala.client.lobby/LobbyFacade/addTerminated" signature="()V" line-rate="0.00" branch-rate="0.00" complexity="0">
                            <lines>
                                <line number="15" hits="0" branch="false"/>
                            </lines>
</method>
                        <method 
                        name="org.riskala.client.lobby/LobbyFacade/notifyError" signature="()V" line-rate="0.00" branch-rate="0.00" complexity="0">
                            <lines>
                                <line number="18" hits="0" branch="false"/>
                            </lines>
</method>
                        <method 
                        name="org.riskala.client.lobby/LobbyFacade/goToGame" signature="()V" line-rate="0.00" branch-rate="0.00" complexity="0">
                            <lines>
                                <line number="17" hits="0" branch="false"/>
                            </lines>
</method>
                        <method 
                        name="org.riskala.client.lobby/LobbyFacade/goToRoom" signature="()V" line-rate="0.00" branch-rate="0.00" complexity="0">
                            <lines>
                                <line number="16" hits="0" branch="false"/>
                            </lines>
</method>
                        <method 
                        name="org.riskala.client.lobby/LobbyFacade/addGame" signature="()V" line-rate="0.00" branch-rate="0.00" complexity="0">
                            <lines>
                                <line number="14" hits="0" branch="false"/>
                            </lines>
</method>
                        <method 
                        name="org.riskala.client.lobby/LobbyFacade/cleanLobby" signature="()V" line-rate="0.00" branch-rate="0.00" complexity="0">
                            <lines>
                                <line number="12" hits="0" branch="false"/>
                            </lines>
</method>
                        <method 
                        name="org.riskala.client.lobby/LobbyFacade/addRoom" signature="()V" line-rate="0.00" branch-rate="0.00" complexity="0">
                            <lines>
                                <line number="13" hits="0" branch="false"/>
                            </lines>
</method>
                    </methods>
                    <lines>
                        <line number="14" hits="0" branch="false"/>
                        <line number="12" hits="0" branch="false"/>
                        <line number="16" hits="0" branch="false"/>
                        <line number="15" hits="0" branch="false"/>
                        <line number="13" hits="0" branch="false"/>
                        <line number="17" hits="0" branch="false"/>
                        <line number="18" hits="0" branch="false"/>
                    </lines>
</class>
                <class 
                name="org.riskala.client.lobby.ClientLobby" filename="src/main/scala/org/riskala/client/lobby/ClientLobby.scala" line-rate="0.00" branch-rate="0.00" complexity="0">
                    <methods>
                        <method 
                        name="org.riskala.client.lobby/ClientLobby/setupLobby" signature="()V" line-rate="0.00" branch-rate="0.00" complexity="0">
                            <lines>
                                <line number="41" hits="0" branch="false"/>
                                <line number="34" hits="0" branch="false"/>
                                <line number="33" hits="0" branch="false"/>
                                <line number="35" hits="0" branch="false"/>
                                <line number="34" hits="0" branch="false"/>
                                <line number="33" hits="0" branch="false"/>
                                <line number="40" hits="0" branch="false"/>
                                <line number="37" hits="0" branch="false"/>
                                <line number="33" hits="0" branch="false"/>
                                <line number="39" hits="0" branch="false"/>
                                <line number="38" hits="0" branch="false"/>
                                <line number="35" hits="0" branch="false"/>
                                <line number="37" hits="0" branch="false"/>
                                <line number="31" hits="0" branch="false"/>
                                <line number="32" hits="0" branch="false"/>
                                <line number="39" hits="0" branch="false"/>
                                <line number="39" hits="0" branch="false"/>
                                <line number="40" hits="0" branch="false"/>
                                <line number="36" hits="0" branch="false"/>
                                <line number="35" hits="0" branch="false"/>
                                <line number="36" hits="0" branch="false"/>
                                <line number="36" hits="0" branch="false"/>
                                <line number="41" hits="0" branch="false"/>
                                <line number="30" hits="0" branch="false"/>
                                <line number="30" hits="0" branch="false"/>
                                <line number="38" hits="0" branch="false"/>
                                <line number="35" hits="0" branch="false"/>
                            </lines>
</method>
                        <method 
                        name="org.riskala.client.lobby/ClientLobby/handleLobbyMessage" signature="()V" line-rate="0.00" branch-rate="0.00" complexity="0">
                            <lines>
                                <line number="57" hits="0" branch="false"/>
                                <line number="51" hits="0" branch="false"/>
                                <line number="57" hits="0" branch="false"/>
                                <line number="55" hits="0" branch="false"/>
                                <line number="58" hits="0" branch="false"/>
                                <line number="63" hits="0" branch="false"/>
                                <line number="49" hits="0" branch="false"/>
                                <line number="57" hits="0" branch="false"/>
                                <line number="62" hits="0" branch="false"/>
                                <line number="49" hits="0" branch="false"/>
                                <line number="58" hits="0" branch="false"/>
                                <line number="62" hits="0" branch="false"/>
                                <line number="50" hits="0" branch="false"/>
                                <line number="55" hits="0" branch="false"/>
                                <line number="63" hits="0" branch="false"/>
                                <line number="60" hits="0" branch="false"/>
                                <line number="51" hits="0" branch="false"/>
                                <line number="60" hits="0" branch="false"/>
                                <line number="54" hits="0" branch="false"/>
                                <line number="52" hits="0" branch="false"/>
                            </lines>
</method>
                        <method 
                        name="org.riskala.client.lobby/ClientLobby/getJoinMsgWrapped" signature="()V" line-rate="0.00" branch-rate="0.00" complexity="0">
                            <lines>
                                <line number="21" hits="0" branch="false"/>
                                <line number="21" hits="0" branch="false"/>
                                <line number="21" hits="0" branch="false"/>
                                <line number="21" hits="0" branch="false"/>
                                <line number="21" hits="0" branch="false"/>
                                <line number="21" hits="0" branch="false"/>
                                <line number="21" hits="0" branch="false"/>
                                <line number="21" hits="0" branch="false"/>
                                <line number="21" hits="0" branch="false"/>
                            </lines>
</method>
                    </methods>
                    <lines>
                        <line number="41" hits="0" branch="false"/>
                        <line number="34" hits="0" branch="false"/>
                        <line number="57" hits="0" branch="false"/>
                        <line number="33" hits="0" branch="false"/>
                        <line number="35" hits="0" branch="false"/>
                        <line number="34" hits="0" branch="false"/>
                        <line number="51" hits="0" branch="false"/>
                        <line number="21" hits="0" branch="false"/>
                        <line number="57" hits="0" branch="false"/>
                        <line number="33" hits="0" branch="false"/>
                        <line number="55" hits="0" branch="false"/>
                        <line number="21" hits="0" branch="false"/>
                        <line number="21" hits="0" branch="false"/>
                        <line number="21" hits="0" branch="false"/>
                        <line number="21" hits="0" branch="false"/>
                        <line number="40" hits="0" branch="false"/>
                        <line number="21" hits="0" branch="false"/>
                        <line number="58" hits="0" branch="false"/>
                        <line number="37" hits="0" branch="false"/>
                        <line number="63" hits="0" branch="false"/>
                        <line number="49" hits="0" branch="false"/>
                        <line number="33" hits="0" branch="false"/>
                        <line number="39" hits="0" branch="false"/>
                        <line number="57" hits="0" branch="false"/>
                        <line number="38" hits="0" branch="false"/>
                        <line number="35" hits="0" branch="false"/>
                        <line number="37" hits="0" branch="false"/>
                        <line number="31" hits="0" branch="false"/>
                        <line number="32" hits="0" branch="false"/>
                        <line number="62" hits="0" branch="false"/>
                        <line number="39" hits="0" branch="false"/>
                        <line number="39" hits="0" branch="false"/>
                        <line number="40" hits="0" branch="false"/>
                        <line number="36" hits="0" branch="false"/>
                        <line number="35" hits="0" branch="false"/>
                        <line number="21" hits="0" branch="false"/>
                        <line number="49" hits="0" branch="false"/>
                        <line number="21" hits="0" branch="false"/>
                        <line number="36" hits="0" branch="false"/>
                        <line number="58" hits="0" branch="false"/>
                        <line number="62" hits="0" branch="false"/>
                        <line number="36" hits="0" branch="false"/>
                        <line number="50" hits="0" branch="false"/>
                        <line number="55" hits="0" branch="false"/>
                        <line number="63" hits="0" branch="false"/>
                        <line number="41" hits="0" branch="false"/>
                        <line number="30" hits="0" branch="false"/>
                        <line number="60" hits="0" branch="false"/>
                        <line number="51" hits="0" branch="false"/>
                        <line number="21" hits="0" branch="false"/>
                        <line number="60" hits="0" branch="false"/>
                        <line number="54" hits="0" branch="false"/>
                        <line number="30" hits="0" branch="false"/>
                        <line number="38" hits="0" branch="false"/>
                        <line number="35" hits="0" branch="false"/>
                        <line number="52" hits="0" branch="false"/>
                    </lines>
</class>
            </classes>
        </package>
        <package name="org.riskala.client.messages" line-rate="0.22" branch-rate="1.00" complexity="0">
            <classes>
                <class 
                name="org.riskala.client.messages.FromClientMessages.JoinMessage" filename="src/main/scala/org/riskala/client/messages/FromClientMessages.scala" line-rate="1.00" branch-rate="1.00" complexity="0">
                    <methods>
                        <method 
                        name="org.riskala.client.messages/JoinMessage/JoinCodecJson" signature="()V" line-rate="1.00" branch-rate="1.00" complexity="0">
                            <lines>
                                <line number="21" hits="1" branch="false"/>
                                <line number="21" hits="1" branch="false"/>
                                <line number="21" hits="1" branch="false"/>
                                <line number="21" hits="1" branch="false"/>
                                <line number="21" hits="1" branch="false"/>
                                <line number="21" hits="1" branch="false"/>
                            </lines>
</method>
                    </methods>
                    <lines>
                        <line number="21" hits="1" branch="false"/>
                        <line number="21" hits="1" branch="false"/>
                        <line number="21" hits="1" branch="false"/>
                        <line number="21" hits="1" branch="false"/>
                        <line number="21" hits="1" branch="false"/>
                        <line number="21" hits="1" branch="false"/>
                    </lines>
</class>
                <class 
                name="org.riskala.client.messages.ToClientMessages.RoomBasicInfo" filename="src/main/scala/org/riskala/client/messages/ToClientMessages.scala" line-rate="0.00" branch-rate="0.00" complexity="0">
                    <methods>
                        <method 
                        name="org.riskala.client.messages/RoomBasicInfo/RoomBasicInfoCodecJson" signature="()V" line-rate="0.00" branch-rate="0.00" complexity="0">
                            <lines>
                                <line number="28" hits="0" branch="false"/>
                                <line number="28" hits="0" branch="false"/>
                                <line number="28" hits="0" branch="false"/>
                                <line number="28" hits="0" branch="false"/>
                                <line number="28" hits="0" branch="false"/>
                                <line number="28" hits="0" branch="false"/>
                                <line number="28" hits="0" branch="false"/>
                                <line number="28" hits="0" branch="false"/>
                                <line number="28" hits="0" branch="false"/>
                                <line number="28" hits="0" branch="false"/>
                                <line number="28" hits="0" branch="false"/>
                                <line number="28" hits="0" branch="false"/>
                            </lines>
</method>
                    </methods>
                    <lines>
                        <line number="28" hits="0" branch="false"/>
                        <line number="28" hits="0" branch="false"/>
                        <line number="28" hits="0" branch="false"/>
                        <line number="28" hits="0" branch="false"/>
                        <line number="28" hits="0" branch="false"/>
                        <line number="28" hits="0" branch="false"/>
                        <line number="28" hits="0" branch="false"/>
                        <line number="28" hits="0" branch="false"/>
                        <line number="28" hits="0" branch="false"/>
                        <line number="28" hits="0" branch="false"/>
                        <line number="28" hits="0" branch="false"/>
                        <line number="28" hits="0" branch="false"/>
                    </lines>
</class>
                <class 
                name="org.riskala.client.messages.WrappedMessage" filename="src/main/scala/org/riskala/client/messages/WrappedMessage.scala" line-rate="1.00" branch-rate="1.00" complexity="0">
                    <methods>
                        <method 
                        name="org.riskala.client.messages/WrappedMessage/WrappedCodecJson" signature="()V" line-rate="1.00" branch-rate="1.00" complexity="0">
                            <lines>
                                <line number="16" hits="1" branch="false"/>
                                <line number="16" hits="1" branch="false"/>
                                <line number="16" hits="1" branch="false"/>
                                <line number="16" hits="1" branch="false"/>
                                <line number="16" hits="1" branch="false"/>
                                <line number="16" hits="1" branch="false"/>
                                <line number="16" hits="1" branch="false"/>
                                <line number="16" hits="1" branch="false"/>
                                <line number="16" hits="1" branch="false"/>
                            </lines>
</method>
                    </methods>
                    <lines>
                        <line number="16" hits="1" branch="false"/>
                        <line number="16" hits="1" branch="false"/>
                        <line number="16" hits="1" branch="false"/>
                        <line number="16" hits="1" branch="false"/>
                        <line number="16" hits="1" branch="false"/>
                        <line number="16" hits="1" branch="false"/>
                        <line number="16" hits="1" branch="false"/>
                        <line number="16" hits="1" branch="false"/>
                        <line number="16" hits="1" branch="false"/>
                    </lines>
</class>
                <class 
                name="org.riskala.client.messages.ToClientMessages.RoomInfo" filename="src/main/scala/org/riskala/client/messages/ToClientMessages.scala" line-rate="0.00" branch-rate="0.00" complexity="0">
                    <methods>
                        <method 
                        name="org.riskala.client.messages/RoomInfo/RoomInfoCodecJson" signature="()V" line-rate="0.00" branch-rate="0.00" complexity="0">
                            <lines>
                                <line number="38" hits="0" branch="false"/>
                                <line number="38" hits="0" branch="false"/>
                                <line number="38" hits="0" branch="false"/>
                                <line number="38" hits="0" branch="false"/>
                                <line number="38" hits="0" branch="false"/>
                                <line number="38" hits="0" branch="false"/>
                                <line number="38" hits="0" branch="false"/>
                                <line number="38" hits="0" branch="false"/>
                                <line number="38" hits="0" branch="false"/>
                                <line number="38" hits="0" branch="false"/>
                                <line number="38" hits="0" branch="false"/>
                                <line number="38" hits="0" branch="false"/>
                                <line number="38" hits="0" branch="false"/>
                                <line number="38" hits="0" branch="false"/>
                            </lines>
</method>
                    </methods>
                    <lines>
                        <line number="38" hits="0" branch="false"/>
                        <line number="38" hits="0" branch="false"/>
                        <line number="38" hits="0" branch="false"/>
                        <line number="38" hits="0" branch="false"/>
                        <line number="38" hits="0" branch="false"/>
                        <line number="38" hits="0" branch="false"/>
                        <line number="38" hits="0" branch="false"/>
                        <line number="38" hits="0" branch="false"/>
                        <line number="38" hits="0" branch="false"/>
                        <line number="38" hits="0" branch="false"/>
                        <line number="38" hits="0" branch="false"/>
                        <line number="38" hits="0" branch="false"/>
                        <line number="38" hits="0" branch="false"/>
                        <line number="38" hits="0" branch="false"/>
                    </lines>
</class>
                <class 
                name="org.riskala.client.messages.FromClientMessages.RedeemBonusMessage" filename="src/main/scala/org/riskala/client/messages/FromClientMessages.scala" line-rate="0.00" branch-rate="0.00" complexity="0">
                    <methods>
                        <method 
                        name="org.riskala.client.messages/RedeemBonusMessage/RedeemBonusCodecJson" signature="()V" line-rate="0.00" branch-rate="0.00" complexity="0">
                            <lines>
                                <line number="93" hits="0" branch="false"/>
                                <line number="93" hits="0" branch="false"/>
                                <line number="93" hits="0" branch="false"/>
                                <line number="93" hits="0" branch="false"/>
                                <line number="93" hits="0" branch="false"/>
                                <line number="93" hits="0" branch="false"/>
                            </lines>
</method>
                    </methods>
                    <lines>
                        <line number="93" hits="0" branch="false"/>
                        <line number="93" hits="0" branch="false"/>
                        <line number="93" hits="0" branch="false"/>
                        <line number="93" hits="0" branch="false"/>
                        <line number="93" hits="0" branch="false"/>
                        <line number="93" hits="0" branch="false"/>
                    </lines>
</class>
                <class 
                name="org.riskala.client.messages.ToClientMessages.RoomNameInfo" filename="src/main/scala/org/riskala/client/messages/ToClientMessages.scala" line-rate="0.78" branch-rate="1.00" complexity="0">
                    <methods>
                        <method 
                        name="org.riskala.client.messages/RoomNameInfo/RoomNameInfoCodecJson" signature="()V" line-rate="0.78" branch-rate="1.00" complexity="0">
                            <lines>
                                <line number="48" hits="0" branch="false"/>
                                <line number="48" hits="1" branch="false"/>
                                <line number="48" hits="1" branch="false"/>
                                <line number="48" hits="0" branch="false"/>
                                <line number="48" hits="1" branch="false"/>
                                <line number="48" hits="1" branch="false"/>
                                <line number="48" hits="1" branch="false"/>
                                <line number="48" hits="1" branch="false"/>
                                <line number="48" hits="1" branch="false"/>
                            </lines>
</method>
                    </methods>
                    <lines>
                        <line number="48" hits="0" branch="false"/>
                        <line number="48" hits="1" branch="false"/>
                        <line number="48" hits="1" branch="false"/>
                        <line number="48" hits="0" branch="false"/>
                        <line number="48" hits="1" branch="false"/>
                        <line number="48" hits="1" branch="false"/>
                        <line number="48" hits="1" branch="false"/>
                        <line number="48" hits="1" branch="false"/>
                        <line number="48" hits="1" branch="false"/>
                    </lines>
</class>
                <class 
                name="org.riskala.client.messages.ToClientMessages.GameUpdate" filename="src/main/scala/org/riskala/client/messages/ToClientMessages.scala" line-rate="0.00" branch-rate="0.00" complexity="0">
                    <methods>
                        <method 
                        name="org.riskala.client.messages/GameUpdate/GameUpdateCodecJson" signature="()V" line-rate="0.00" branch-rate="0.00" complexity="0">
                            <lines>
                                <line number="102" hits="0" branch="false"/>
                                <line number="102" hits="0" branch="false"/>
                                <line number="102" hits="0" branch="false"/>
                                <line number="102" hits="0" branch="false"/>
                                <line number="102" hits="0" branch="false"/>
                                <line number="102" hits="0" branch="false"/>
                                <line number="102" hits="0" branch="false"/>
                                <line number="102" hits="0" branch="false"/>
                                <line number="102" hits="0" branch="false"/>
                                <line number="102" hits="0" branch="false"/>
                                <line number="102" hits="0" branch="false"/>
                                <line number="102" hits="0" branch="false"/>
                                <line number="102" hits="0" branch="false"/>
                                <line number="102" hits="0" branch="false"/>
                                <line number="102" hits="0" branch="false"/>
                                <line number="102" hits="0" branch="false"/>
                                <line number="102" hits="0" branch="false"/>
                                <line number="102" hits="0" branch="false"/>
                                <line number="102" hits="0" branch="false"/>
                                <line number="102" hits="0" branch="false"/>
                            </lines>
</method>
                    </methods>
                    <lines>
                        <line number="102" hits="0" branch="false"/>
                        <line number="102" hits="0" branch="false"/>
                        <line number="102" hits="0" branch="false"/>
                        <line number="102" hits="0" branch="false"/>
                        <line number="102" hits="0" branch="false"/>
                        <line number="102" hits="0" branch="false"/>
                        <line number="102" hits="0" branch="false"/>
                        <line number="102" hits="0" branch="false"/>
                        <line number="102" hits="0" branch="false"/>
                        <line number="102" hits="0" branch="false"/>
                        <line number="102" hits="0" branch="false"/>
                        <line number="102" hits="0" branch="false"/>
                        <line number="102" hits="0" branch="false"/>
                        <line number="102" hits="0" branch="false"/>
                        <line number="102" hits="0" branch="false"/>
                        <line number="102" hits="0" branch="false"/>
                        <line number="102" hits="0" branch="false"/>
                        <line number="102" hits="0" branch="false"/>
                        <line number="102" hits="0" branch="false"/>
                        <line number="102" hits="0" branch="false"/>
                    </lines>
</class>
                <class 
                name="org.riskala.client.messages.FromClientMessages.ActionDeployMessage" filename="src/main/scala/org/riskala/client/messages/FromClientMessages.scala" line-rate="0.00" branch-rate="0.00" complexity="0">
                    <methods>
                        <method 
                        name="org.riskala.client.messages/ActionDeployMessage/ActionDeployMessageCodecJson" signature="()V" line-rate="0.00" branch-rate="0.00" complexity="0">
                            <lines>
                                <line number="71" hits="0" branch="false"/>
                                <line number="71" hits="0" branch="false"/>
                                <line number="71" hits="0" branch="false"/>
                                <line number="71" hits="0" branch="false"/>
                                <line number="71" hits="0" branch="false"/>
                                <line number="71" hits="0" branch="false"/>
                                <line number="71" hits="0" branch="false"/>
                                <line number="71" hits="0" branch="false"/>
                                <line number="71" hits="0" branch="false"/>
                                <line number="71" hits="0" branch="false"/>
                                <line number="71" hits="0" branch="false"/>
                                <line number="71" hits="0" branch="false"/>
                            </lines>
</method>
                    </methods>
                    <lines>
                        <line number="71" hits="0" branch="false"/>
                        <line number="71" hits="0" branch="false"/>
                        <line number="71" hits="0" branch="false"/>
                        <line number="71" hits="0" branch="false"/>
                        <line number="71" hits="0" branch="false"/>
                        <line number="71" hits="0" branch="false"/>
                        <line number="71" hits="0" branch="false"/>
                        <line number="71" hits="0" branch="false"/>
                        <line number="71" hits="0" branch="false"/>
                        <line number="71" hits="0" branch="false"/>
                        <line number="71" hits="0" branch="false"/>
                        <line number="71" hits="0" branch="false"/>
                    </lines>
</class>
                <class 
                name="org.riskala.client.messages.ToClientMessages.LobbyInfo" filename="src/main/scala/org/riskala/client/messages/ToClientMessages.scala" line-rate="0.94" branch-rate="1.00" complexity="0">
                    <methods>
                        <method 
                        name="org.riskala.client.messages/LobbyInfo/LobbyInfoCodecJson" signature="()V" line-rate="0.94" branch-rate="1.00" complexity="0">
                            <lines>
                                <line number="59" hits="1" branch="false"/>
                                <line number="59" hits="0" branch="false"/>
                                <line number="59" hits="1" branch="false"/>
                                <line number="59" hits="1" branch="false"/>
                                <line number="59" hits="1" branch="false"/>
                                <line number="59" hits="1" branch="false"/>
                                <line number="59" hits="1" branch="false"/>
                                <line number="59" hits="1" branch="false"/>
                                <line number="59" hits="1" branch="false"/>
                                <line number="59" hits="1" branch="false"/>
                                <line number="59" hits="1" branch="false"/>
                                <line number="59" hits="1" branch="false"/>
                                <line number="59" hits="1" branch="false"/>
                                <line number="59" hits="1" branch="false"/>
                                <line number="59" hits="1" branch="false"/>
                                <line number="59" hits="1" branch="false"/>
                                <line number="59" hits="1" branch="false"/>
                                <line number="59" hits="1" branch="false"/>
                            </lines>
</method>
                    </methods>
                    <lines>
                        <line number="59" hits="1" branch="false"/>
                        <line number="59" hits="0" branch="false"/>
                        <line number="59" hits="1" branch="false"/>
                        <line number="59" hits="1" branch="false"/>
                        <line number="59" hits="1" branch="false"/>
                        <line number="59" hits="1" branch="false"/>
                        <line number="59" hits="1" branch="false"/>
                        <line number="59" hits="1" branch="false"/>
                        <line number="59" hits="1" branch="false"/>
                        <line number="59" hits="1" branch="false"/>
                        <line number="59" hits="1" branch="false"/>
                        <line number="59" hits="1" branch="false"/>
                        <line number="59" hits="1" branch="false"/>
                        <line number="59" hits="1" branch="false"/>
                        <line number="59" hits="1" branch="false"/>
                        <line number="59" hits="1" branch="false"/>
                        <line number="59" hits="1" branch="false"/>
                        <line number="59" hits="1" branch="false"/>
                    </lines>
</class>
                <class 
                name="org.riskala.client.messages.FromClientMessages.ReadyMessage" filename="src/main/scala/org/riskala/client/messages/FromClientMessages.scala" line-rate="0.00" branch-rate="0.00" complexity="0">
                    <methods>
                        <method 
                        name="org.riskala.client.messages/ReadyMessage/ReadyMessageCodecJson" signature="()V" line-rate="0.00" branch-rate="0.00" complexity="0">
                            <lines>
                                <line number="30" hits="0" branch="false"/>
                                <line number="30" hits="0" branch="false"/>
                                <line number="30" hits="0" branch="false"/>
                                <line number="30" hits="0" branch="false"/>
                                <line number="30" hits="0" branch="false"/>
                                <line number="30" hits="0" branch="false"/>
                            </lines>
</method>
                    </methods>
                    <lines>
[...]
                                <line number="28" hits="1" branch="false"/>
                                <line number="28" hits="1" branch="false"/>
                            </lines>
</method>
                        <method 
                        name="org.riskala.model.map/MapGeography/areNeighbor" signature="()V" line-rate="1.00" branch-rate="1.00" complexity="0">
                            <lines>
                                <line number="39" hits="1" branch="false"/>
                                <line number="39" hits="1" branch="false"/>
                                <line number="39" hits="1" branch="false"/>
                            </lines>
</method>
                    </methods>
                    <lines>
                        <line number="44" hits="1" branch="false"/>
                        <line number="44" hits="1" branch="false"/>
                        <line number="44" hits="1" branch="false"/>
                        <line number="44" hits="1" branch="false"/>
                        <line number="28" hits="1" branch="false"/>
                        <line number="29" hits="1" branch="false"/>
                        <line number="44" hits="1" branch="false"/>
                        <line number="44" hits="1" branch="false"/>
                        <line number="44" hits="1" branch="false"/>
                        <line number="44" hits="1" branch="false"/>
                        <line number="44" hits="1" branch="false"/>
                        <line number="44" hits="1" branch="false"/>
                        <line number="39" hits="1" branch="false"/>
                        <line number="44" hits="1" branch="false"/>
                        <line number="39" hits="1" branch="false"/>
                        <line number="30" hits="1" branch="false"/>
                        <line number="44" hits="1" branch="false"/>
                        <line number="44" hits="1" branch="false"/>
                        <line number="44" hits="1" branch="false"/>
                        <line number="39" hits="1" branch="false"/>
                        <line number="44" hits="1" branch="false"/>
                        <line number="28" hits="1" branch="false"/>
                        <line number="44" hits="1" branch="false"/>
                        <line number="44" hits="1" branch="false"/>
                        <line number="44" hits="1" branch="false"/>
                        <line number="44" hits="1" branch="false"/>
                        <line number="44" hits="1" branch="false"/>
                        <line number="44" hits="1" branch="false"/>
                        <line number="28" hits="1" branch="false"/>
                    </lines>
</class>
                <class 
                name="org.riskala.model.map.PlayerState" filename="src/main/scala/org/riskala/model/map/PlayerState.scala" line-rate="1.00" branch-rate="1.00" complexity="0">
                    <methods>
                        <method 
                        name="org.riskala.model.map/PlayerState/PlayerStateCodecJson" signature="()V" line-rate="1.00" branch-rate="1.00" complexity="0">
                            <lines>
                                <line number="22" hits="1" branch="false"/>
                                <line number="22" hits="1" branch="false"/>
                                <line number="22" hits="1" branch="false"/>
                                <line number="22" hits="1" branch="false"/>
                                <line number="22" hits="1" branch="false"/>
                                <line number="22" hits="1" branch="false"/>
                                <line number="22" hits="1" branch="false"/>
                                <line number="22" hits="1" branch="false"/>
                                <line number="22" hits="1" branch="false"/>
                                <line number="22" hits="1" branch="false"/>
                                <line number="22" hits="1" branch="false"/>
                                <line number="22" hits="1" branch="false"/>
                            </lines>
</method>
                    </methods>
                    <lines>
                        <line number="22" hits="1" branch="false"/>
                        <line number="22" hits="1" branch="false"/>
                        <line number="22" hits="1" branch="false"/>
                        <line number="22" hits="1" branch="false"/>
                        <line number="22" hits="1" branch="false"/>
                        <line number="22" hits="1" branch="false"/>
                        <line number="22" hits="1" branch="false"/>
                        <line number="22" hits="1" branch="false"/>
                        <line number="22" hits="1" branch="false"/>
                        <line number="22" hits="1" branch="false"/>
                        <line number="22" hits="1" branch="false"/>
                        <line number="22" hits="1" branch="false"/>
                    </lines>
</class>
                <class 
                name="org.riskala.model.map.Bridge" filename="src/main/scala/org/riskala/model/map/Bridge.scala" line-rate="0.95" branch-rate="1.00" complexity="0">
                    <methods>
                        <method 
                        name="org.riskala.model.map/Bridge/BridgeCodecJson" signature="()V" line-rate="1.00" branch-rate="1.00" complexity="0">
                            <lines>
                                <line number="35" hits="1" branch="false"/>
                                <line number="35" hits="1" branch="false"/>
                                <line number="35" hits="1" branch="false"/>
                                <line number="35" hits="1" branch="false"/>
                                <line number="35" hits="1" branch="false"/>
                                <line number="35" hits="1" branch="false"/>
                                <line number="35" hits="1" branch="false"/>
                                <line number="35" hits="1" branch="false"/>
                                <line number="35" hits="1" branch="false"/>
                                <line number="35" hits="1" branch="false"/>
                                <line number="35" hits="1" branch="false"/>
                                <line number="35" hits="1" branch="false"/>
                            </lines>
</method>
                        <method name="org.riskala.model.map/Bridge/equals" signature="()V" line-rate="0.89" branch-rate="1.00" complexity="0">
                            <lines>
                                <line number="27" hits="1" branch="false"/>
                                <line number="27" hits="1" branch="false"/>
                                <line number="27" hits="1" branch="false"/>
                                <line number="27" hits="1" branch="false"/>
                                <line number="27" hits="1" branch="false"/>
                                <line number="27" hits="1" branch="false"/>
                                <line number="28" hits="0" branch="false"/>
                                <line number="27" hits="1" branch="false"/>
                                <line number="27" hits="1" branch="false"/>
                            </lines>
                        </method>
                    </methods>
                    <lines>
                        <line number="35" hits="1" branch="false"/>
                        <line number="35" hits="1" branch="false"/>
                        <line number="27" hits="1" branch="false"/>
                        <line number="27" hits="1" branch="false"/>
                        <line number="35" hits="1" branch="false"/>
                        <line number="35" hits="1" branch="false"/>
                        <line number="27" hits="1" branch="false"/>
                        <line number="27" hits="1" branch="false"/>
                        <line number="27" hits="1" branch="false"/>
                        <line number="35" hits="1" branch="false"/>
                        <line number="27" hits="1" branch="false"/>
                        <line number="35" hits="1" branch="false"/>
                        <line number="35" hits="1" branch="false"/>
                        <line number="28" hits="0" branch="false"/>
                        <line number="35" hits="1" branch="false"/>
                        <line number="35" hits="1" branch="false"/>
                        <line number="35" hits="1" branch="false"/>
                        <line number="27" hits="1" branch="false"/>
                        <line number="35" hits="1" branch="false"/>
                        <line number="35" hits="1" branch="false"/>
                        <line number="27" hits="1" branch="false"/>
                    </lines>
</class>
            </classes>
        </package>
        <package name="org.riskala.utils" line-rate="0.69" branch-rate="0.40" complexity="0">
            <classes>
                <class 
                name="org.riskala.utils.Utils" filename="src/main/scala/org/riskala/utils/Utils.scala" line-rate="0.60" branch-rate="0.25" complexity="0">
                    <methods>
                        <method 
                        name="org.riskala.utils/Utils/randomSetElement" signature="()V" line-rate="1.00" branch-rate="1.00" complexity="0">
                            <lines>
                                <line number="61" hits="1" branch="false"/>
                                <line number="61" hits="1" branch="false"/>
                                <line number="62" hits="1" branch="false"/>
                            </lines>
</method>
                        <method 
                        name="org.riskala.utils/Utils/askReceptionistToFind" signature="()V" line-rate="1.00" branch-rate="1.00" complexity="0">
                            <lines>
                                <line number="47" hits="1" branch="false"/>
                                <line number="45" hits="1" branch="false"/>
                                <line number="46" hits="1" branch="false"/>
                                <line number="49" hits="1" branch="false"/>
                                <line number="50" hits="1" branch="false"/>
                                <line number="49" hits="1" branch="false"/>
                                <line number="49" hits="1" branch="false"/>
                            </lines>
</method>
                        <method 
                        name="org.riskala.utils/Utils/loadPropertiesFromResources" signature="()V" line-rate="0.78" branch-rate="0.50" complexity="0">
                            <lines>
                                <line number="29" hits="1" branch="false"/>
                                <line number="26" hits="1" branch="false"/>
                                <line number="29" hits="1" branch="false"/>
                                <line number="27" hits="1" branch="false"/>
                                <line number="31" hits="0" branch="false"/>
                                <line number="29" hits="1" branch="false"/>
                                <line number="28" hits="1" branch="false"/>
                                <line number="31" hits="0" branch="false"/>
                                <line number="27" hits="1" branch="false"/>
                            </lines>
</method>
                        <method name="org.riskala.utils/Utils/&lt;none&gt;" signature="()V" line-rate="1.00" branch-rate="1.00" complexity="0">
                            <lines>
                                <line number="18" hits="1" branch="false"/>
                            </lines>
                        </method>
                        <method 
                        name="org.riskala.utils/Utils/sendUserTurnNotification" signature="()V" line-rate="0.00" branch-rate="0.00" complexity="0">
                            <lines>
                                <line number="72" hits="0" branch="false"/>
                                <line number="83" hits="0" branch="false"/>
                                <line number="73" hits="0" branch="false"/>
                                <line number="73" hits="0" branch="false"/>
                                <line number="76" hits="0" branch="false"/>
                                <line number="73" hits="0" branch="false"/>
                                <line number="83" hits="0" branch="false"/>
                                <line number="75" hits="0" branch="false"/>
                                <line number="73" hits="0" branch="false"/>
                                <line number="74" hits="0" branch="false"/>
                            </lines>
</method>
                    </methods>
                    <lines>
                        <line number="72" hits="0" branch="false"/>
                        <line number="83" hits="0" branch="false"/>
                        <line number="73" hits="0" branch="false"/>
                        <line number="29" hits="1" branch="false"/>
                        <line number="61" hits="1" branch="false"/>
                        <line number="26" hits="1" branch="false"/>
                        <line number="61" hits="1" branch="false"/>
                        <line number="73" hits="0" branch="false"/>
                        <line number="47" hits="1" branch="false"/>
                        <line number="76" hits="0" branch="false"/>
                        <line number="29" hits="1" branch="false"/>
                        <line number="27" hits="1" branch="false"/>
                        <line number="45" hits="1" branch="false"/>
                        <line number="73" hits="0" branch="false"/>
                        <line number="62" hits="1" branch="false"/>
                        <line number="46" hits="1" branch="false"/>
                        <line number="83" hits="0" branch="false"/>
                        <line number="75" hits="0" branch="false"/>
                        <line number="31" hits="0" branch="false"/>
                        <line number="73" hits="0" branch="false"/>
                        <line number="29" hits="1" branch="false"/>
                        <line number="74" hits="0" branch="false"/>
                        <line number="18" hits="1" branch="false"/>
                        <line number="49" hits="1" branch="false"/>
                        <line number="28" hits="1" branch="false"/>
                        <line number="50" hits="1" branch="false"/>
                        <line number="31" hits="0" branch="false"/>
                        <line number="27" hits="1" branch="false"/>
                        <line number="49" hits="1" branch="false"/>
                        <line number="49" hits="1" branch="false"/>
                    </lines>
</class>
                <class 
                name="org.riskala.utils.MapLoader" filename="src/main/scala/org/riskala/utils/MapLoader.scala" line-rate="1.00" branch-rate="1.00" complexity="0">
                    <methods>
                        <method name="org.riskala.utils/MapLoader/loadMap" signature="()V" line-rate="1.00" branch-rate="1.00" complexity="0">
                            <lines>
                                <line number="15" hits="1" branch="false"/>
                                <line number="16" hits="1" branch="false"/>
                                <line number="17" hits="1" branch="false"/>
                                <line number="20" hits="1" branch="false"/>
                                <line number="18" hits="1" branch="false"/>
                                <line number="16" hits="1" branch="false"/>
                                <line number="16" hits="1" branch="false"/>
                                <line number="17" hits="1" branch="false"/>
                            </lines>
                        </method>
                    </methods>
                    <lines>
                        <line number="15" hits="1" branch="false"/>
                        <line number="16" hits="1" branch="false"/>
                        <line number="17" hits="1" branch="false"/>
                        <line number="20" hits="1" branch="false"/>
                        <line number="18" hits="1" branch="false"/>
                        <line number="16" hits="1" branch="false"/>
                        <line number="16" hits="1" branch="false"/>
                        <line number="17" hits="1" branch="false"/>
                    </lines>
</class>
                <class 
                name="org.riskala.utils.Parser" filename="src/main/scala/org/riskala/utils/Parser.scala" line-rate="0.69" branch-rate="1.00" complexity="0">
                    <methods>
                        <method name="org.riskala.utils/Parser/unwrap" signature="()V" line-rate="0.00" branch-rate="0.00" complexity="0">
                            <lines>
                                <line number="29" hits="0" branch="false"/>
                                <line number="29" hits="0" branch="false"/>
                                <line number="28" hits="0" branch="false"/>
                                <line number="28" hits="0" branch="false"/>
                            </lines>
                        </method>
                        <method 
                        name="org.riskala.utils/Parser/retrieveMessage" signature="()V" line-rate="1.00" branch-rate="1.00" complexity="0">
                            <lines>
                                <line number="45" hits="1" branch="false"/>
                            </lines>
</method>
                        <method name="org.riskala.utils/Parser/wrap" signature="()V" line-rate="1.00" branch-rate="1.00" complexity="0">
                            <lines>
                                <line number="21" hits="1" branch="false"/>
                                <line number="21" hits="1" branch="false"/>
                                <line number="21" hits="1" branch="false"/>
                                <line number="21" hits="1" branch="false"/>
                                <line number="21" hits="1" branch="false"/>
                                <line number="21" hits="1" branch="false"/>
                            </lines>
                        </method>
                        <method 
                        name="org.riskala.utils/Parser/retrieveWrapped" signature="()V" line-rate="1.00" branch-rate="1.00" complexity="0">
                            <lines>
                                <line number="36" hits="1" branch="false"/>
                                <line number="36" hits="1" branch="false"/>
                            </lines>
</method>
                    </methods>
                    <lines>
                        <line number="21" hits="1" branch="false"/>
                        <line number="36" hits="1" branch="false"/>
                        <line number="36" hits="1" branch="false"/>
                        <line number="29" hits="0" branch="false"/>
                        <line number="29" hits="0" branch="false"/>
                        <line number="45" hits="1" branch="false"/>
                        <line number="28" hits="0" branch="false"/>
                        <line number="21" hits="1" branch="false"/>
                        <line number="21" hits="1" branch="false"/>
                        <line number="21" hits="1" branch="false"/>
                        <line number="28" hits="0" branch="false"/>
                        <line number="21" hits="1" branch="false"/>
                        <line number="21" hits="1" branch="false"/>
                    </lines>
</class>
            </classes>
        </package>
    </packages>
</coverage>
